<?xml version="1.0" encoding="UTF-8"?>
<!-- Generated by org.testng.reporters.JUnitReportReporter -->
<testsuite name="testScenarios.UrbanLadder" tests="66" time="344.817" ignored="38" failures="0" timestamp="28 Nov 2020 08:37:15 GMT" skipped="0" hostname="DESKTOP-TLNVACJ" errors="0">
  <testcase name="testcase_FillValidDetails" time="1.152" classname="testScenarios.UrbanLadder"/>
  <testcase name="testcase_FillValidDetails" time="0.956" classname="testScenarios.UrbanLadder"/>
  <testcase name="operationstock" time="8.703" classname="testScenarios.UrbanLadder"/>
  <testcase name="operationSortBy" time="0.585" classname="testScenarios.UrbanLadder"/>
  <testcase name="StudyChairprint" time="8.129" classname="testScenarios.UrbanLadder"/>
  <testcase name="print" time="10.525" classname="testScenarios.UrbanLadder"/>
  <testcase name="StudyChairprint" time="8.034" classname="testScenarios.UrbanLadder"/>
  <testcase name="ScreenShot" time="0.521" classname="testScenarios.UrbanLadder"/>
  <testcase name="operationStorageSelect" time="6.990" classname="testScenarios.UrbanLadder"/>
  <testcase name="operationStorageSelect" time="7.102" classname="testScenarios.UrbanLadder"/>
  <testcase name="operationStorage" time="7.778" classname="testScenarios.UrbanLadder"/>
  <testcase name="print" time="8.056" classname="testScenarios.UrbanLadder"/>
  <testcase name="print" time="8.257" classname="testScenarios.UrbanLadder"/>
  <testcase name="operationstock" time="8.723" classname="testScenarios.UrbanLadder"/>
  <testcase name="operationSearchBar" time="10.273" classname="testScenarios.UrbanLadder"/>
  <testcase name="studyChairSearch" time="3.392" classname="testScenarios.UrbanLadder"/>
  <testcase name="testcase_customiseGiftCard" time="0.463" classname="testScenarios.UrbanLadder"/>
  <testcase name="operationPriceSelect" time="4.621" classname="testScenarios.UrbanLadder"/>
  <testcase name="operationSortBy" time="0.562" classname="testScenarios.UrbanLadder"/>
  <testcase name="studyChairSearch" time="3.049" classname="testScenarios.UrbanLadder"/>
  <testcase name="operationPriceSelect" time="1.837" classname="testScenarios.UrbanLadder"/>
  <testcase name="studyChairSearch" time="11.132" classname="testScenarios.UrbanLadder"/>
  <testcase name="operationSearchBar" time="9.607" classname="testScenarios.UrbanLadder"/>
  <testcase name="operationCategory" time="5.067" classname="testScenarios.UrbanLadder"/>
  <testcase name="operationStorage" time="5.463" classname="testScenarios.UrbanLadder"/>
  <testcase name="getBeingAtHomeCollections" time="3.942" classname="testScenarios.UrbanLadder"/>
  <testcase name="operationCategoryMenu" time="9.466" classname="testScenarios.UrbanLadder"/>
  <testcase name="operationCategoryMenu" time="9.725" classname="testScenarios.UrbanLadder"/>
  <testcase name="toExcelWrite" time="0.310" classname="testScenarios.UrbanLadder"/>
  <testcase name="write_ErrorMessage" time="0.057" classname="testScenarios.UrbanLadder"/>
  <testcase name="testcase_customiseGiftCard" time="0.440" classname="testScenarios.UrbanLadder"/>
  <testcase name="testCaseReadExl" time="0.050" classname="testScenarios.UrbanLadder"/>
  <testcase name="operationCategoryMenu" time="9.427" classname="testScenarios.UrbanLadder"/>
  <testcase name="operationSortBy" time="0.451" classname="testScenarios.UrbanLadder"/>
  <testcase name="testcase_readExcelDataValid" time="0.047" classname="testScenarios.UrbanLadder"/>
  <testcase name="operationPriceSelect" time="3.006" classname="testScenarios.UrbanLadder"/>
  <testcase name="testcase_clickGiftCards" time="4.555" classname="testScenarios.UrbanLadder"/>
  <testcase name="errorMessage" time="0.619" classname="testScenarios.UrbanLadder"/>
  <testcase name="operationPrice" time="7.702" classname="testScenarios.UrbanLadder"/>
  <testcase name="operationCategory" time="2.674" classname="testScenarios.UrbanLadder"/>
  <testcase name="toExcelWrite" time="0.382" classname="testScenarios.UrbanLadder"/>
  <testcase name="testCaseReadExl" time="0.124" classname="testScenarios.UrbanLadder"/>
  <testcase name="operationStorageSelect" time="7.195" classname="testScenarios.UrbanLadder"/>
  <testcase name="errorMessage" time="4.054" classname="testScenarios.UrbanLadder"/>
  <testcase name="testcase_FillDetails" time="5.330" classname="testScenarios.UrbanLadder"/>
  <testcase name="ScreenShot" time="0.503" classname="testScenarios.UrbanLadder"/>
  <testcase name="testcase_clickGiftCards" time="12.071" classname="testScenarios.UrbanLadder"/>
  <testcase name="write_ErrorMessage" time="0.074" classname="testScenarios.UrbanLadder"/>
  <testcase name="operationSearch" time="12.220" classname="testScenarios.UrbanLadder"/>
  <testcase name="operationSearchBar" time="10.558" classname="testScenarios.UrbanLadder"/>
  <testcase name="operationPrice" time="7.321" classname="testScenarios.UrbanLadder"/>
  <testcase name="testcase_selectGiftCards" time="1.122" classname="testScenarios.UrbanLadder"/>
  <testcase name="testcase_selectGiftCards" time="1.128" classname="testScenarios.UrbanLadder"/>
  <testcase name="operationPriceSelect" time="1.858" classname="testScenarios.UrbanLadder"/>
  <testcase name="proceedToPayment" time="9.677" classname="testScenarios.UrbanLadder"/>
  <testcase name="operationStorageSelect" time="7.100" classname="testScenarios.UrbanLadder"/>
  <testcase name="getBeingAtHomeCollections" time="5.660" classname="testScenarios.UrbanLadder"/>
  <testcase name="operationSearch" time="9.139" classname="testScenarios.UrbanLadder"/>
  <testcase name="proceedToPayment" time="8.723" classname="testScenarios.UrbanLadder"/>
  <testcase name="studyChairSearch" time="2.817" classname="testScenarios.UrbanLadder"/>
  <testcase name="print" time="8.623" classname="testScenarios.UrbanLadder"/>
  <testcase name="operationSearchBar" time="12.697" classname="testScenarios.UrbanLadder"/>
  <testcase name="testcase_readExcelDataValid" time="0.046" classname="testScenarios.UrbanLadder"/>
  <testcase name="operationCategoryMenu" time="9.703" classname="testScenarios.UrbanLadder"/>
  <testcase name="StudyChairprint" time="8.139" classname="testScenarios.UrbanLadder"/>
  <testcase name="testcase_FillDetails" time="5.105" classname="testScenarios.UrbanLadder"/>
  <testcase name="proceedToPayment" classname="testScenarios.UrbanLadder">
    <skipped/>
  </testcase> <!-- proceedToPayment -->
  <testcase name="proceedToPayment" classname="testScenarios.UrbanLadder">
    <skipped/>
  </testcase> <!-- proceedToPayment -->
  <testcase name="toExcelWrite" classname="testScenarios.UrbanLadder">
    <skipped/>
  </testcase> <!-- toExcelWrite -->
  <testcase name="operationstock" classname="testScenarios.UrbanLadder">
    <skipped/>
  </testcase> <!-- operationstock -->
  <testcase name="toExcelWrite" classname="testScenarios.UrbanLadder">
    <skipped/>
  </testcase> <!-- toExcelWrite -->
  <testcase name="operationstock" classname="testScenarios.UrbanLadder">
    <skipped/>
  </testcase> <!-- operationstock -->
  <testcase name="testcase_selectGiftCards" classname="testScenarios.UrbanLadder">
    <skipped/>
  </testcase> <!-- testcase_selectGiftCards -->
  <testcase name="testcase_selectGiftCards" classname="testScenarios.UrbanLadder">
    <skipped/>
  </testcase> <!-- testcase_selectGiftCards -->
  <testcase name="getBeingAtHomeCollections" classname="testScenarios.UrbanLadder">
    <skipped/>
  </testcase> <!-- getBeingAtHomeCollections -->
  <testcase name="getBeingAtHomeCollections" classname="testScenarios.UrbanLadder">
    <skipped/>
  </testcase> <!-- getBeingAtHomeCollections -->
  <testcase name="operationPrice" classname="testScenarios.UrbanLadder">
    <skipped/>
  </testcase> <!-- operationPrice -->
  <testcase name="operationPrice" classname="testScenarios.UrbanLadder">
    <skipped/>
  </testcase> <!-- operationPrice -->
  <testcase name="StudyChairprint" classname="testScenarios.UrbanLadder">
    <skipped/>
  </testcase> <!-- StudyChairprint -->
  <testcase name="testcase_customiseGiftCard" classname="testScenarios.UrbanLadder">
    <skipped/>
  </testcase> <!-- testcase_customiseGiftCard -->
  <testcase name="operationSortBy" classname="testScenarios.UrbanLadder">
    <skipped/>
  </testcase> <!-- operationSortBy -->
  <testcase name="testcase_customiseGiftCard" classname="testScenarios.UrbanLadder">
    <skipped/>
  </testcase> <!-- testcase_customiseGiftCard -->
  <testcase name="errorMessage" classname="testScenarios.UrbanLadder">
    <skipped/>
  </testcase> <!-- errorMessage -->
  <testcase name="errorMessage" classname="testScenarios.UrbanLadder">
    <skipped/>
  </testcase> <!-- errorMessage -->
  <testcase name="operationStorage" classname="testScenarios.UrbanLadder">
    <skipped/>
  </testcase> <!-- operationStorage -->
  <testcase name="operationStorage" classname="testScenarios.UrbanLadder">
    <skipped/>
  </testcase> <!-- operationStorage -->
  <testcase name="testcase_FillDetails" classname="testScenarios.UrbanLadder">
    <skipped/>
  </testcase> <!-- testcase_FillDetails -->
  <testcase name="testcase_FillDetails" classname="testScenarios.UrbanLadder">
    <skipped/>
  </testcase> <!-- testcase_FillDetails -->
  <testcase name="testcase_clickGiftCards" classname="testScenarios.UrbanLadder">
    <skipped/>
  </testcase> <!-- testcase_clickGiftCards -->
  <testcase name="testcase_clickGiftCards" classname="testScenarios.UrbanLadder">
    <skipped/>
  </testcase> <!-- testcase_clickGiftCards -->
  <testcase name="testcase_readExcelDataValid" classname="testScenarios.UrbanLadder">
    <skipped/>
  </testcase> <!-- testcase_readExcelDataValid -->
  <testcase name="ScreenShot" classname="testScenarios.UrbanLadder">
    <skipped/>
  </testcase> <!-- ScreenShot -->
  <testcase name="testcase_readExcelDataValid" classname="testScenarios.UrbanLadder">
    <skipped/>
  </testcase> <!-- testcase_readExcelDataValid -->
  <testcase name="ScreenShot" classname="testScenarios.UrbanLadder">
    <skipped/>
  </testcase> <!-- ScreenShot -->
  <testcase name="testcase_FillValidDetails" classname="testScenarios.UrbanLadder">
    <skipped/>
  </testcase> <!-- testcase_FillValidDetails -->
  <testcase name="testcase_FillValidDetails" classname="testScenarios.UrbanLadder">
    <skipped/>
  </testcase> <!-- testcase_FillValidDetails -->
  <testcase name="operationCategory" classname="testScenarios.UrbanLadder">
    <skipped/>
  </testcase> <!-- operationCategory -->
  <testcase name="operationCategory" classname="testScenarios.UrbanLadder">
    <skipped/>
  </testcase> <!-- operationCategory -->
  <testcase name="operationSearch" classname="testScenarios.UrbanLadder">
    <skipped/>
  </testcase> <!-- operationSearch -->
  <testcase name="write_ErrorMessage" classname="testScenarios.UrbanLadder">
    <skipped/>
  </testcase> <!-- write_ErrorMessage -->
  <testcase name="operationSearch" classname="testScenarios.UrbanLadder">
    <skipped/>
  </testcase> <!-- operationSearch -->
  <testcase name="write_ErrorMessage" classname="testScenarios.UrbanLadder">
    <skipped/>
  </testcase> <!-- write_ErrorMessage -->
  <testcase name="testCaseReadExl" classname="testScenarios.UrbanLadder">
    <skipped/>
  </testcase> <!-- testCaseReadExl -->
  <testcase name="testCaseReadExl" classname="testScenarios.UrbanLadder">
    <skipped/>
  </testcase> <!-- testCaseReadExl -->
</testsuite> <!-- testScenarios.UrbanLadder -->
