<?xml version="1.0" encoding="UTF-8"?>
<!-- Generated by org.testng.reporters.JUnitReportReporter -->
<testsuite skipped="0" hostname="DESKTOP-TLNVACJ" name="testScenarios.UrbanLadder" tests="66" failures="0" timestamp="28 Nov 2020 10:51:20 GMT" time="350.136" errors="0">
  <testcase name="operationSearchBar" time="11.796" classname="testScenarios.UrbanLadder"/>
  <testcase name="operationSearchBar" time="13.285" classname="testScenarios.UrbanLadder"/>
  <testcase name="operationSearchBar" time="11.283" classname="testScenarios.UrbanLadder"/>
  <testcase name="operationSearchBar" time="12.252" classname="testScenarios.UrbanLadder"/>
  <testcase name="operationCategoryMenu" time="9.078" classname="testScenarios.UrbanLadder"/>
  <testcase name="operationCategoryMenu" time="7.096" classname="testScenarios.UrbanLadder"/>
  <testcase name="operationCategoryMenu" time="7.643" classname="testScenarios.UrbanLadder"/>
  <testcase name="operationCategoryMenu" time="8.100" classname="testScenarios.UrbanLadder"/>
  <testcase name="operationPriceSelect" time="2.211" classname="testScenarios.UrbanLadder"/>
  <testcase name="operationPriceSelect" time="1.857" classname="testScenarios.UrbanLadder"/>
  <testcase name="operationPriceSelect" time="1.868" classname="testScenarios.UrbanLadder"/>
  <testcase name="operationPriceSelect" time="2.300" classname="testScenarios.UrbanLadder"/>
  <testcase name="operationStorageSelect" time="7.073" classname="testScenarios.UrbanLadder"/>
  <testcase name="operationStorageSelect" time="7.273" classname="testScenarios.UrbanLadder"/>
  <testcase name="operationStorageSelect" time="7.053" classname="testScenarios.UrbanLadder"/>
  <testcase name="operationStorageSelect" time="7.330" classname="testScenarios.UrbanLadder"/>
  <testcase name="print" time="8.205" classname="testScenarios.UrbanLadder"/>
  <testcase name="print" time="8.045" classname="testScenarios.UrbanLadder"/>
  <testcase name="print" time="10.331" classname="testScenarios.UrbanLadder"/>
  <testcase name="print" time="10.171" classname="testScenarios.UrbanLadder"/>
  <testcase name="testCaseReadExl" time="0.150" classname="testScenarios.UrbanLadder"/>
  <testcase name="testCaseReadExl" time="0.074" classname="testScenarios.UrbanLadder"/>
  <testcase name="operationSearch" time="9.301" classname="testScenarios.UrbanLadder"/>
  <testcase name="operationSearch" time="11.001" classname="testScenarios.UrbanLadder"/>
  <testcase name="operationCategory" time="3.050" classname="testScenarios.UrbanLadder"/>
  <testcase name="operationCategory" time="3.985" classname="testScenarios.UrbanLadder"/>
  <testcase name="operationPrice" time="7.366" classname="testScenarios.UrbanLadder"/>
  <testcase name="operationPrice" time="7.728" classname="testScenarios.UrbanLadder"/>
  <testcase name="operationStorage" time="5.626" classname="testScenarios.UrbanLadder"/>
  <testcase name="operationStorage" time="5.514" classname="testScenarios.UrbanLadder"/>
  <testcase name="operationstock" time="8.778" classname="testScenarios.UrbanLadder"/>
  <testcase name="operationstock" time="8.783" classname="testScenarios.UrbanLadder"/>
  <testcase name="toExcelWrite" time="0.528" classname="testScenarios.UrbanLadder"/>
  <testcase name="toExcelWrite" time="0.384" classname="testScenarios.UrbanLadder"/>
  <testcase name="getBeingAtHomeCollections" time="4.162" classname="testScenarios.UrbanLadder"/>
  <testcase name="getBeingAtHomeCollections" time="4.142" classname="testScenarios.UrbanLadder"/>
  <testcase name="testcase_clickGiftCards" time="14.441" classname="testScenarios.UrbanLadder"/>
  <testcase name="testcase_clickGiftCards" time="9.540" classname="testScenarios.UrbanLadder"/>
  <testcase name="testcase_selectGiftCards" time="1.141" classname="testScenarios.UrbanLadder"/>
  <testcase name="testcase_selectGiftCards" time="1.172" classname="testScenarios.UrbanLadder"/>
  <testcase name="testcase_customiseGiftCard" time="0.501" classname="testScenarios.UrbanLadder"/>
  <testcase name="testcase_customiseGiftCard" time="0.608" classname="testScenarios.UrbanLadder"/>
  <testcase name="testcase_FillDetails" time="5.176" classname="testScenarios.UrbanLadder"/>
  <testcase name="testcase_FillDetails" time="5.262" classname="testScenarios.UrbanLadder"/>
  <testcase name="errorMessage" time="0.630" classname="testScenarios.UrbanLadder"/>
  <testcase name="errorMessage" time="0.635" classname="testScenarios.UrbanLadder"/>
  <testcase name="write_ErrorMessage" time="0.064" classname="testScenarios.UrbanLadder"/>
  <testcase name="write_ErrorMessage" time="0.076" classname="testScenarios.UrbanLadder"/>
  <testcase name="ScreenShot" time="0.529" classname="testScenarios.UrbanLadder"/>
  <testcase name="ScreenShot" time="0.571" classname="testScenarios.UrbanLadder"/>
  <testcase name="testcase_readExcelDataValid" time="0.042" classname="testScenarios.UrbanLadder"/>
  <testcase name="testcase_readExcelDataValid" time="0.118" classname="testScenarios.UrbanLadder"/>
  <testcase name="testcase_FillValidDetails" time="1.637" classname="testScenarios.UrbanLadder"/>
  <testcase name="testcase_FillValidDetails" time="1.072" classname="testScenarios.UrbanLadder"/>
  <testcase name="proceedToPayment" time="8.766" classname="testScenarios.UrbanLadder"/>
  <testcase name="proceedToPayment" time="8.705" classname="testScenarios.UrbanLadder"/>
  <testcase name="studyChairSearch" time="6.159" classname="testScenarios.UrbanLadder"/>
  <testcase name="studyChairSearch" time="6.654" classname="testScenarios.UrbanLadder"/>
  <testcase name="studyChairSearch" time="6.944" classname="testScenarios.UrbanLadder"/>
  <testcase name="studyChairSearch" time="8.952" classname="testScenarios.UrbanLadder"/>
  <testcase name="operationSortBy" time="0.495" classname="testScenarios.UrbanLadder"/>
  <testcase name="operationSortBy" time="0.567" classname="testScenarios.UrbanLadder"/>
  <testcase name="operationSortBy" time="0.442" classname="testScenarios.UrbanLadder"/>
  <testcase name="StudyChairprint" time="8.260" classname="testScenarios.UrbanLadder"/>
  <testcase name="StudyChairprint" time="8.104" classname="testScenarios.UrbanLadder"/>
  <testcase name="StudyChairprint" time="8.051" classname="testScenarios.UrbanLadder"/>
</testsuite> <!-- testScenarios.UrbanLadder -->
